2025-01-03 20:56:49,686 - INFO - Programme démarré.
2025-01-03 20:56:49,686 - WARNING - Ceci est un avertissement.
2025-01-03 20:56:49,686 - ERROR - Une erreur est survenue.
2025-01-03 20:56:49,686 - CRITICAL - Problème critique rencontré.
2025-01-03 20:56:49,687 - INFO - Programme terminé.
2025-01-03 20:57:04,703 - INFO - Programme démarré.
2025-01-03 20:57:04,704 - WARNING - Ceci est un avertissement.
2025-01-03 20:57:04,704 - ERROR - Une erreur est survenue.
2025-01-03 20:57:04,704 - CRITICAL - Problème critique rencontré.
2025-01-03 20:57:04,704 - INFO - Programme terminé.
2025-01-03 20:57:05,792 - INFO - Programme démarré.
2025-01-03 20:57:05,792 - WARNING - Ceci est un avertissement.
2025-01-03 20:57:05,792 - ERROR - Une erreur est survenue.
2025-01-03 20:57:05,792 - CRITICAL - Problème critique rencontré.
2025-01-03 20:57:05,792 - INFO - Programme terminé.
2025-01-03 20:57:06,495 - INFO - Programme démarré.
2025-01-03 20:57:06,495 - WARNING - Ceci est un avertissement.
2025-01-03 20:57:06,495 - ERROR - Une erreur est survenue.
2025-01-03 20:57:06,495 - CRITICAL - Problème critique rencontré.
2025-01-03 20:57:06,495 - INFO - Programme terminé.
2025-01-03 20:57:07,127 - INFO - Programme démarré.
2025-01-03 20:57:07,127 - WARNING - Ceci est un avertissement.
2025-01-03 20:57:07,127 - ERROR - Une erreur est survenue.
2025-01-03 20:57:07,127 - CRITICAL - Problème critique rencontré.
2025-01-03 20:57:07,128 - INFO - Programme terminé.
2025-01-03 20:57:07,719 - INFO - Programme démarré.
2025-01-03 20:57:07,719 - WARNING - Ceci est un avertissement.
2025-01-03 20:57:07,719 - ERROR - Une erreur est survenue.
2025-01-03 20:57:07,719 - CRITICAL - Problème critique rencontré.
2025-01-03 20:57:07,719 - INFO - Programme terminé.
2025-01-03 20:57:08,319 - INFO - Programme démarré.
2025-01-03 20:57:08,319 - WARNING - Ceci est un avertissement.
2025-01-03 20:57:08,319 - ERROR - Une erreur est survenue.
2025-01-03 20:57:08,319 - CRITICAL - Problème critique rencontré.
2025-01-03 20:57:08,319 - INFO - Programme terminé.
2025-01-03 20:57:08,893 - INFO - Programme démarré.
2025-01-03 20:57:08,893 - WARNING - Ceci est un avertissement.
2025-01-03 20:57:08,893 - ERROR - Une erreur est survenue.
2025-01-03 20:57:08,893 - CRITICAL - Problème critique rencontré.
2025-01-03 20:57:08,893 - INFO - Programme terminé.
